<?xml version="1.0" encoding="UTF-8"?>
<!-- Generated by org.testng.reporters.JUnitReportReporter -->
<testsuite skipped="0" hostname="DESKTOP-FJOEKR9" name="amazon.us.myrunner.MyRunner" tests="1" failures="0" timestamp="11 Dec 2020 07:24:50 GMT" time="13.453" errors="0">
  <testcase name="feature" time="13.453" classname="amazon.us.myrunner.MyRunner"/>
</testsuite> <!-- amazon.us.myrunner.MyRunner -->
